0 info it worked if it ends with ok
1 verbose cli [ '/usr/bin/nodejs', '/usr/bin/npm', 'run', 'dev' ]
2 info using npm@3.10.10
3 info using node@v6.10.0
4 verbose run-script [ 'predev', 'dev', 'postdev' ]
5 info lifecycle appName@~predev: appName@
6 silly lifecycle appName@~predev: no script for predev, continuing
7 info lifecycle appName@~dev: appName@
8 verbose lifecycle appName@~dev: unsafe-perm in lifecycle true
9 verbose lifecycle appName@~dev: PATH: /usr/lib/node_modules/npm/bin/node-gyp-bin:/home/sapna/demo_app/step-2/node_modules/.bin:/home/sapna/bin:/home/sapna/.local/bin:/usr/local/sbin:/usr/local/bin:/usr/sbin:/usr/bin:/sbin:/bin:/usr/games:/usr/local/games:/snap/bin
10 verbose lifecycle appName@~dev: CWD: /home/sapna/demo_app/step-2
11 silly lifecycle appName@~dev: Args: [ '-c',
11 silly lifecycle   'export MONGO_URL=\'mongodb://localhost:27017/app && meteor run' ]
12 silly lifecycle appName@~dev: Returned: code: 2  signal: null
13 info lifecycle appName@~dev: Failed to exec dev script
14 verbose stack Error: appName@ dev: `export MONGO_URL='mongodb://localhost:27017/app && meteor run`
14 verbose stack Exit status 2
14 verbose stack     at EventEmitter.<anonymous> (/usr/lib/node_modules/npm/lib/utils/lifecycle.js:255:16)
14 verbose stack     at emitTwo (events.js:106:13)
14 verbose stack     at EventEmitter.emit (events.js:191:7)
14 verbose stack     at ChildProcess.<anonymous> (/usr/lib/node_modules/npm/lib/utils/spawn.js:40:14)
14 verbose stack     at emitTwo (events.js:106:13)
14 verbose stack     at ChildProcess.emit (events.js:191:7)
14 verbose stack     at maybeClose (internal/child_process.js:877:16)
14 verbose stack     at Process.ChildProcess._handle.onexit (internal/child_process.js:226:5)
15 verbose pkgid appName@
16 verbose cwd /home/sapna/demo_app/step-2
17 error Linux 4.4.0-79-generic
18 error argv "/usr/bin/nodejs" "/usr/bin/npm" "run" "dev"
19 error node v6.10.0
20 error npm  v3.10.10
21 error code ELIFECYCLE
22 error appName@ dev: `export MONGO_URL='mongodb://localhost:27017/app && meteor run`
22 error Exit status 2
23 error Failed at the appName@ dev script 'export MONGO_URL='mongodb://localhost:27017/app && meteor run'.
23 error Make sure you have the latest version of node.js and npm installed.
23 error If you do, this is most likely a problem with the appName package,
23 error not with npm itself.
23 error Tell the author that this fails on your system:
23 error     export MONGO_URL='mongodb://localhost:27017/app && meteor run
23 error You can get information on how to open an issue for this project with:
23 error     npm bugs appName
23 error Or if that isn't available, you can get their info via:
23 error     npm owner ls appName
23 error There is likely additional logging output above.
24 verbose exit [ 1, true ]
